# JRE version: OpenJDK Runtime Environment (11.0.8+10) (build 11.0.8+10-b944.6842174)
# Java VM: OpenJDK 64-Bit Server VM (11.0.8+10-b944.6842174, mixed mode, tiered, compressed oops, g1 gc, windows-amd64)
Heap:
 garbage-first heap   total 200704K, used 147180K [0x0000000080000000, 0x0000000100000000)
  region size 1024K, 113 young (115712K), 10 survivors (10240K)
 Metaspace       used 57695K, capacity 58861K, committed 59008K, reserved 1101824K
  class space    used 7081K, capacity 7463K, committed 7552K, reserved 1048576K
GC Heap History (20 events):
Event: 2.128 GC heap before
{Heap before GC invocations=2 (full 0):
 garbage-first heap   total 131072K, used 36250K [0x0000000080000000, 0x0000000100000000)
  region size 1024K, 28 young (28672K), 1 survivors (1024K)
 Metaspace       used 10621K, capacity 10821K, committed 11008K, reserved 1058816K
  class space    used 1101K, capacity 1164K, committed 1280K, reserved 1048576K
}
Event: 2.132 GC heap after
{Heap after GC invocations=3 (full 0):
 garbage-first heap   total 131072K, used 12462K [0x0000000080000000, 0x0000000100000000)
  region size 1024K, 4 young (4096K), 4 survivors (4096K)
 Metaspace       used 10621K, capacity 10821K, committed 11008K, reserved 1058816K
  class space    used 1101K, capacity 1164K, committed 1280K, reserved 1048576K
}
Event: 4.981 GC heap before
{Heap before GC invocations=3 (full 0):
 garbage-first heap   total 131072K, used 53422K [0x0000000080000000, 0x0000000100000000)
  region size 1024K, 44 young (45056K), 4 survivors (4096K)
 Metaspace       used 18608K, capacity 18971K, committed 19072K, reserved 1067008K
  class space    used 2238K, capacity 2360K, committed 2432K, reserved 1048576K
}
Event: 5.011 GC heap after
{Heap after GC invocations=4 (full 0):
 garbage-first heap   total 131072K, used 15814K [0x0000000080000000, 0x0000000100000000)
  region size 1024K, 4 young (4096K), 4 survivors (4096K)
 Metaspace       used 18608K, capacity 18971K, committed 19072K, reserved 1067008K
  class space    used 2238K, capacity 2360K, committed 2432K, reserved 1048576K
}
Event: 5.773 GC heap before
{Heap before GC invocations=4 (full 0):
 garbage-first heap   total 131072K, used 31174K [0x0000000080000000, 0x0000000100000000)
  region size 1024K, 20 young (20480K), 4 survivors (4096K)
 Metaspace       used 20637K, capacity 21093K, committed 21248K, reserved 1067008K
  class space    used 2532K, capacity 2710K, committed 2816K, reserved 1048576K
}
Event: 5.786 GC heap after
{Heap after GC invocations=5 (full 0):
 garbage-first heap   total 131072K, used 16305K [0x0000000080000000, 0x0000000100000000)
  region size 1024K, 4 young (4096K), 4 survivors (4096K)
 Metaspace       used 20637K, capacity 21093K, committed 21248K, reserved 1067008K
  class space    used 2532K, capacity 2710K, committed 2816K, reserved 1048576K
}
Event: 8.141 GC heap before
{Heap before GC invocations=6 (full 0):
 garbage-first heap   total 131072K, used 69553K [0x0000000080000000, 0x0000000100000000)
  region size 1024K, 57 young (58368K), 4 survivors (4096K)
 Metaspace       used 26587K, capacity 27222K, committed 27392K, reserved 1073152K
  class space    used 3490K, capacity 3715K, committed 3840K, reserved 1048576K
}
Event: 8.150 GC heap after
{Heap after GC invocations=7 (full 0):
 garbage-first heap   total 131072K, used 18355K [0x0000000080000000, 0x0000000100000000)
  region size 1024K, 6 young (6144K), 6 survivors (6144K)
 Metaspace       used 26587K, capacity 27222K, committed 27392K, reserved 1073152K
  class space    used 3490K, capacity 3715K, committed 3840K, reserved 1048576K
}
Event: 9.999 GC heap before
{Heap before GC invocations=7 (full 0):
 garbage-first heap   total 131072K, used 61363K [0x0000000080000000, 0x0000000100000000)
  region size 1024K, 50 young (51200K), 6 survivors (6144K)
 Metaspace       used 35117K, capacity 35793K, committed 35840K, reserved 1081344K
  class space    used 4565K, capacity 4826K, committed 4864K, reserved 1048576K
}
Event: 10.014 GC heap after
{Heap after GC invocations=8 (full 0):
 garbage-first heap   total 131072K, used 21286K [0x0000000080000000, 0x0000000100000000)
  region size 1024K, 6 young (6144K), 6 survivors (6144K)
 Metaspace       used 35117K, capacity 35793K, committed 35840K, reserved 1081344K
  class space    used 4565K, capacity 4826K, committed 4864K, reserved 1048576K
}
Event: 12.435 GC heap before
{Heap before GC invocations=9 (full 0):
 garbage-first heap   total 131072K, used 86822K [0x0000000080000000, 0x0000000100000000)
  region size 1024K, 67 young (68608K), 6 survivors (6144K)
 Metaspace       used 43348K, capacity 44135K, committed 44416K, reserved 1087488K
  class space    used 5408K, capacity 5697K, committed 5760K, reserved 1048576K
}
Event: 12.455 GC heap after
{Heap after GC invocations=10 (full 0):
 garbage-first heap   total 200704K, used 26061K [0x0000000080000000, 0x0000000100000000)
  region size 1024K, 8 young (8192K), 8 survivors (8192K)
 Metaspace       used 43348K, capacity 44135K, committed 44416K, reserved 1087488K
  class space    used 5408K, capacity 5697K, committed 5760K, reserved 1048576K
}
Event: 17.129 GC heap before
{Heap before GC invocations=10 (full 0):
 garbage-first heap   total 200704K, used 110029K [0x0000000080000000, 0x0000000100000000)
  region size 1024K, 90 young (92160K), 8 survivors (8192K)
 Metaspace       used 55426K, capacity 56452K, committed 56576K, reserved 1097728K
  class space    used 6951K, capacity 7311K, committed 7424K, reserved 1048576K
}
Event: 17.148 GC heap after
{Heap after GC invocations=11 (full 0):
 garbage-first heap   total 200704K, used 32459K [0x0000000080000000, 0x0000000100000000)
  region size 1024K, 11 young (11264K), 11 survivors (11264K)
 Metaspace       used 55426K, capacity 56452K, committed 56576K, reserved 1097728K
  class space    used 6951K, capacity 7311K, committed 7424K, reserved 1048576K
}
Event: 40.958 GC heap before
{Heap before GC invocations=11 (full 0):
 garbage-first heap   total 200704K, used 126667K [0x0000000080000000, 0x0000000100000000)
  region size 1024K, 104 young (106496K), 11 survivors (11264K)
 Metaspace       used 57230K, capacity 58331K, committed 58496K, reserved 1099776K
  class space    used 7064K, capacity 7458K, committed 7552K, reserved 1048576K
}
Event: 40.990 GC heap after
{Heap after GC invocations=12 (full 0):
 garbage-first heap   total 200704K, used 34434K [0x0000000080000000, 0x0000000100000000)
  region size 1024K, 8 young (8192K), 8 survivors (8192K)
 Metaspace       used 57230K, capacity 58331K, committed 58496K, reserved 1099776K
  class space    used 7064K, capacity 7458K, committed 7552K, reserved 1048576K
}
Event: 57.392 GC heap before
{Heap before GC invocations=12 (full 0):
 garbage-first heap   total 200704K, used 145026K [0x0000000080000000, 0x0000000100000000)
  region size 1024K, 116 young (118784K), 8 survivors (8192K)
 Metaspace       used 57496K, capacity 58603K, committed 58752K, reserved 1099776K
  class space    used 7077K, capacity 7463K, committed 7552K, reserved 1048576K
}
Event: 57.407 GC heap after
{Heap after GC invocations=13 (full 0):
 garbage-first heap   total 200704K, used 37336K [0x0000000080000000, 0x0000000100000000)
  region size 1024K, 10 young (10240K), 10 survivors (10240K)
 Metaspace       used 57496K, capacity 58603K, committed 58752K, reserved 1099776K
  class space    used 7077K, capacity 7463K, committed 7552K, reserved 1048576K
}
Event: 58.800 GC heap before
{Heap before GC invocations=13 (full 0):
 garbage-first heap   total 200704K, used 145880K [0x0000000080000000, 0x0000000100000000)
  region size 1024K, 117 young (119808K), 10 survivors (10240K)
 Metaspace       used 57669K, capacity 58797K, committed 59008K, reserved 1101824K
  class space    used 7079K, capacity 7463K, committed 7552K, reserved 1048576K
}
Event: 58.814 GC heap after
{Heap after GC invocations=14 (full 0):
 garbage-first heap   total 200704K, used 42732K [0x0000000080000000, 0x0000000100000000)
  region size 1024K, 10 young (10240K), 10 survivors (10240K)
 Metaspace       used 57669K, capacity 58797K, committed 59008K, reserved 1101824K
  class space    used 7079K, capacity 7463K, committed 7552K, reserved 1048576K
}

