# JRE version: OpenJDK Runtime Environment (11.0.8+10) (build 11.0.8+10-b944.6842174)
# Java VM: OpenJDK 64-Bit Server VM (11.0.8+10-b944.6842174, mixed mode, tiered, compressed oops, g1 gc, windows-amd64)
Heap:
 garbage-first heap   total 157696K, used 112689K [0x0000000080000000, 0x0000000100000000)
  region size 1024K, 82 young (83968K), 2 survivors (2048K)
 Metaspace       used 45258K, capacity 46272K, committed 46336K, reserved 1089536K
  class space    used 5747K, capacity 6092K, committed 6144K, reserved 1048576K
GC Heap History (20 events):
Event: 4.882 GC heap before
{Heap before GC invocations=4 (full 0):
 garbage-first heap   total 131072K, used 28115K [0x0000000080000000, 0x0000000100000000)
  region size 1024K, 16 young (16384K), 3 survivors (3072K)
 Metaspace       used 20638K, capacity 21109K, committed 21248K, reserved 1067008K
  class space    used 2532K, capacity 2710K, committed 2816K, reserved 1048576K
}
Event: 4.888 GC heap after
{Heap after GC invocations=5 (full 0):
 garbage-first heap   total 131072K, used 16392K [0x0000000080000000, 0x0000000100000000)
  region size 1024K, 4 young (4096K), 4 survivors (4096K)
 Metaspace       used 20638K, capacity 21109K, committed 21248K, reserved 1067008K
  class space    used 2532K, capacity 2710K, committed 2816K, reserved 1048576K
}
Event: 5.874 GC heap before
{Heap before GC invocations=6 (full 0):
 garbage-first heap   total 131072K, used 64520K [0x0000000080000000, 0x0000000100000000)
  region size 1024K, 51 young (52224K), 4 survivors (4096K)
 Metaspace       used 26112K, capacity 26739K, committed 27008K, reserved 1073152K
  class space    used 3413K, capacity 3632K, committed 3712K, reserved 1048576K
}
Event: 5.883 GC heap after
{Heap after GC invocations=7 (full 0):
 garbage-first heap   total 131072K, used 18090K [0x0000000080000000, 0x0000000100000000)
  region size 1024K, 6 young (6144K), 6 survivors (6144K)
 Metaspace       used 26112K, capacity 26739K, committed 27008K, reserved 1073152K
  class space    used 3413K, capacity 3632K, committed 3712K, reserved 1048576K
}
Event: 7.736 GC heap before
{Heap before GC invocations=7 (full 0):
 garbage-first heap   total 131072K, used 67242K [0x0000000080000000, 0x0000000100000000)
  region size 1024K, 56 young (57344K), 6 survivors (6144K)
 Metaspace       used 35088K, capacity 35773K, committed 35840K, reserved 1081344K
  class space    used 4566K, capacity 4856K, committed 4864K, reserved 1048576K
}
Event: 7.754 GC heap after
{Heap after GC invocations=8 (full 0):
 garbage-first heap   total 131072K, used 21350K [0x0000000080000000, 0x0000000100000000)
  region size 1024K, 6 young (6144K), 6 survivors (6144K)
 Metaspace       used 35088K, capacity 35773K, committed 35840K, reserved 1081344K
  class space    used 4566K, capacity 4856K, committed 4864K, reserved 1048576K
}
Event: 9.274 GC heap before
{Heap before GC invocations=9 (full 0):
 garbage-first heap   total 131072K, used 92006K [0x0000000080000000, 0x0000000100000000)
  region size 1024K, 72 young (73728K), 6 survivors (6144K)
 Metaspace       used 41329K, capacity 42241K, committed 42496K, reserved 1085440K
  class space    used 5290K, capacity 5578K, committed 5632K, reserved 1048576K
}
Event: 9.290 GC heap after
{Heap after GC invocations=10 (full 0):
 garbage-first heap   total 131072K, used 25703K [0x0000000080000000, 0x0000000100000000)
  region size 1024K, 8 young (8192K), 8 survivors (8192K)
 Metaspace       used 41329K, capacity 42241K, committed 42496K, reserved 1085440K
  class space    used 5290K, capacity 5578K, committed 5632K, reserved 1048576K
}
Event: 11.285 GC heap before
{Heap before GC invocations=10 (full 0):
 garbage-first heap   total 131072K, used 90215K [0x0000000080000000, 0x0000000100000000)
  region size 1024K, 71 young (72704K), 8 survivors (8192K)
 Metaspace       used 44946K, capacity 45918K, committed 46080K, reserved 1089536K
  class space    used 5726K, capacity 6060K, committed 6144K, reserved 1048576K
}
Event: 11.302 GC heap after
{Heap after GC invocations=11 (full 0):
 garbage-first heap   total 131072K, used 31562K [0x0000000080000000, 0x0000000100000000)
  region size 1024K, 9 young (9216K), 9 survivors (9216K)
 Metaspace       used 44946K, capacity 45918K, committed 46080K, reserved 1089536K
  class space    used 5726K, capacity 6060K, committed 6144K, reserved 1048576K
}
Event: 12.433 GC heap before
{Heap before GC invocations=11 (full 0):
 garbage-first heap   total 131072K, used 95050K [0x0000000080000000, 0x0000000100000000)
  region size 1024K, 71 young (72704K), 9 survivors (9216K)
 Metaspace       used 45021K, capacity 45982K, committed 46080K, reserved 1089536K
  class space    used 5726K, capacity 6060K, committed 6144K, reserved 1048576K
}
Event: 12.450 GC heap after
{Heap after GC invocations=12 (full 0):
 garbage-first heap   total 131072K, used 35696K [0x0000000080000000, 0x0000000100000000)
  region size 1024K, 9 young (9216K), 9 survivors (9216K)
 Metaspace       used 45021K, capacity 45982K, committed 46080K, reserved 1089536K
  class space    used 5726K, capacity 6060K, committed 6144K, reserved 1048576K
}
Event: 13.289 GC heap before
{Heap before GC invocations=12 (full 0):
 garbage-first heap   total 131072K, used 97136K [0x0000000080000000, 0x0000000100000000)
  region size 1024K, 69 young (70656K), 9 survivors (9216K)
 Metaspace       used 45023K, capacity 45982K, committed 46080K, reserved 1089536K
  class space    used 5726K, capacity 6060K, committed 6144K, reserved 1048576K
}
Event: 13.298 GC heap after
{Heap after GC invocations=13 (full 0):
 garbage-first heap   total 157696K, used 36864K [0x0000000080000000, 0x0000000100000000)
  region size 1024K, 6 young (6144K), 6 survivors (6144K)
 Metaspace       used 45023K, capacity 45982K, committed 46080K, reserved 1089536K
  class space    used 5726K, capacity 6060K, committed 6144K, reserved 1048576K
}
Event: 14.454 GC heap before
{Heap before GC invocations=13 (full 0):
 garbage-first heap   total 157696K, used 108544K [0x0000000080000000, 0x0000000100000000)
  region size 1024K, 76 young (77824K), 6 survivors (6144K)
 Metaspace       used 45089K, capacity 46078K, committed 46336K, reserved 1089536K
  class space    used 5735K, capacity 6092K, committed 6144K, reserved 1048576K
}
Event: 14.459 GC heap after
{Heap after GC invocations=14 (full 0):
 garbage-first heap   total 157696K, used 38540K [0x0000000080000000, 0x0000000100000000)
  region size 1024K, 7 young (7168K), 7 survivors (7168K)
 Metaspace       used 45089K, capacity 46078K, committed 46336K, reserved 1089536K
  class space    used 5735K, capacity 6092K, committed 6144K, reserved 1048576K
}
Event: 20.452 GC heap before
{Heap before GC invocations=14 (full 0):
 garbage-first heap   total 157696K, used 114316K [0x0000000080000000, 0x0000000100000000)
  region size 1024K, 79 young (80896K), 7 survivors (7168K)
 Metaspace       used 45200K, capacity 46142K, committed 46336K, reserved 1089536K
  class space    used 5747K, capacity 6092K, committed 6144K, reserved 1048576K
}
Event: 20.455 GC heap after
{Heap after GC invocations=15 (full 0):
 garbage-first heap   total 157696K, used 37558K [0x0000000080000000, 0x0000000100000000)
  region size 1024K, 4 young (4096K), 4 survivors (4096K)
 Metaspace       used 45200K, capacity 46142K, committed 46336K, reserved 1089536K
  class space    used 5747K, capacity 6092K, committed 6144K, reserved 1048576K
}
Event: 21.517 GC heap before
{Heap before GC invocations=15 (full 0):
 garbage-first heap   total 157696K, used 117430K [0x0000000080000000, 0x0000000100000000)
  region size 1024K, 83 young (84992K), 4 survivors (4096K)
 Metaspace       used 45230K, capacity 46272K, committed 46336K, reserved 1089536K
  class space    used 5747K, capacity 6092K, committed 6144K, reserved 1048576K
}
Event: 21.520 GC heap after
{Heap after GC invocations=16 (full 0):
 garbage-first heap   total 157696K, used 32817K [0x0000000080000000, 0x0000000100000000)
  region size 1024K, 2 young (2048K), 2 survivors (2048K)
 Metaspace       used 45230K, capacity 46272K, committed 46336K, reserved 1089536K
  class space    used 5747K, capacity 6092K, committed 6144K, reserved 1048576K
}

